<?xml version="1.0" encoding="UTF-8"?>
<!-- Generated by org.testng.reporters.JUnitReportReporter -->
<testsuite hostname="Aximlap-samza" name="com.samza.test.SamzaTest" tests="1" failures="0" timestamp="25 Feb 2016 13:48:08 GMT" time="175.505" errors="0">
  <testcase name="SamzaTaskTest" time="175.505" classname="com.samza.test.SamzaTest"/>
</testsuite> <!-- com.samza.test.SamzaTest -->
